Updated BOM observation: Issued at 10:23 am EST Thursday  2 July 2026
Updated BOM observation: Issued at 10:33 am EST Thursday  2 July 2026
Traceback (most recent call last):
  File "/home/ubuntu/Github/BOM/bom_observation_066214_update.py", line 339, in <module>
    main()
  File "/home/ubuntu/Github/BOM/bom_observation_066214_update.py", line 333, in main
    git_commit_and_push(refresh_message)
  File "/home/ubuntu/Github/BOM/bom_observation_066214_update.py", line 311, in git_commit_and_push
    run_command(
  File "/home/ubuntu/Github/BOM/bom_observation_066214_update.py", line 43, in run_command
    raise RuntimeError(
RuntimeError: Command failed: git commit -m Issued at 10:53 am EST Thursday  2 July 2026
STDOUT:

STDERR:
fatal: Unable to create '/home/ubuntu/Github/BOM/.git/index.lock': File exists.

Another git process seems to be running in this repository, e.g.
an editor opened by 'git commit'. Please make sure all processes
are terminated then try again. If it still fails, a git process
may have crashed in this repository earlier:
remove the file manually to continue.

Updated BOM observation for 066124: Issued at 10:53 am EST Thursday  2 July 2026
